Build started 5/26/2011 11:45:06 AM.
     1>Project "D:\Documents\UCSD\BSMS\SP11\Masters Project\MatchingBackend\MatchingBackend\MatchingBackend.vcxproj" on node 2 (rebuild target(s)).
         Deleting file "Release\lastbuild.timestamp".
         Deleting file "Release\lastsuccessfulbuild.timestamp".
     1>_PrepareForBuild:
         Creating "Release\lastbuild.timestamp" because "AlwaysCreate" was specified.
       ClCompile:
         Database.cpp
         StatsTable.cpp
         SURFMatcher.cpp
     1>D:\Libraries\OpenCV2.2\include\opencv2/flann/logger.h(66): warning C4996: 'fopen': This function or variable may be unsafe. Consider using fopen_s instead. To disable deprecation, use _CRT_SECURE_NO_WARNINGS. See online help for details.
                 C:\Program Files (x86)\Microsoft Visual Studio 10.0\VC\include\stdio.h(234) : see declaration of 'fopen'
     1>matching\SURFMatcher.cpp(141): warning C4018: '<' : signed/unsigned mismatch
     1>matching\SURFMatcher.cpp(162): warning C4018: '<' : signed/unsigned mismatch
     1>matching\SURFMatcher.cpp(323): warning C4018: '<' : signed/unsigned mismatch
     1>D:\Libraries\OpenCV2.2\include\opencv2/flann/flann_base.hpp(114): warning C4996: 'fopen': This function or variable may be unsafe. Consider using fopen_s instead. To disable deprecation, use _CRT_SECURE_NO_WARNINGS. See online help for details.
                 C:\Program Files (x86)\Microsoft Visual Studio 10.0\VC\include\stdio.h(234) : see declaration of 'fopen'
                 D:\Libraries\OpenCV2.2\include\opencv2/flann/flann_base.hpp(142) : see reference to function template instantiation 'cvflann::NNIndex<ELEM_TYPE> *cvflann::load_saved_index<float>(const cvflann::Matrix<T> &,const std::string &)' being compiled
                 with
                 [
                     ELEM_TYPE=float,
                     T=float
                 ]
                 D:\Libraries\OpenCV2.2\include\opencv2/flann/flann_base.hpp(137) : while compiling class template member function 'cvflann::Index<T>::Index(const cvflann::Matrix<T> &,const cvflann::IndexParams &)'
                 with
                 [
                     T=float
                 ]
                 D:\Libraries\OpenCV2.2\include\opencv2/flann/flann.hpp(109) : see reference to class template instantiation 'cvflann::Index<T>' being compiled
                 with
                 [
                     T=float
                 ]
                 D:\Libraries\OpenCV2.2\include\opencv2/flann/flann.hpp(104) : while compiling class template member function 'cv::flann::Index_<T>::Index_(const cv::Mat &,const cvflann::IndexParams &)'
                 with
                 [
                     T=float
                 ]
                 matching\SURFMatcher.cpp(207) : see reference to class template instantiation 'cv::flann::Index_<T>' being compiled
                 with
                 [
                     T=float
                 ]
         match_image.cpp
     1>D:\Libraries\OpenCV2.2\include\opencv2/flann/logger.h(66): warning C4996: 'fopen': This function or variable may be unsafe. Consider using fopen_s instead. To disable deprecation, use _CRT_SECURE_NO_WARNINGS. See online help for details.
                 C:\Program Files (x86)\Microsoft Visual Studio 10.0\VC\include\stdio.h(234) : see declaration of 'fopen'
         Sockette.cpp
         server.cpp
     1>D:\Libraries\OpenCV2.2\include\opencv2/flann/logger.h(66): warning C4996: 'fopen': This function or variable may be unsafe. Consider using fopen_s instead. To disable deprecation, use _CRT_SECURE_NO_WARNINGS. See online help for details.
                 C:\Program Files (x86)\Microsoft Visual Studio 10.0\VC\include\stdio.h(234) : see declaration of 'fopen'
         stdafx.cpp
         cv_helper.cpp
         Logger.cpp
     1>support\Logger.cpp(41): warning C4996: 'vsnprintf': This function or variable may be unsafe. Consider using vsnprintf_s instead. To disable deprecation, use _CRT_SECURE_NO_WARNINGS. See online help for details.
                 C:\Program Files (x86)\Microsoft Visual Studio 10.0\VC\include\stdio.h(347) : see declaration of 'vsnprintf'
     1>support\Logger.cpp(49): warning C4996: 'sprintf': This function or variable may be unsafe. Consider using sprintf_s instead. To disable deprecation, use _CRT_SECURE_NO_WARNINGS. See online help for details.
                 C:\Program Files (x86)\Microsoft Visual Studio 10.0\VC\include\stdio.h(364) : see declaration of 'sprintf'
         util.cpp
     1>support\util.cpp(35): warning C4996: 'localtime': This function or variable may be unsafe. Consider using localtime_s instead. To disable deprecation, use _CRT_SECURE_NO_WARNINGS. See online help for details.
                 C:\Program Files (x86)\Microsoft Visual Studio 10.0\VC\include\time.inl(112) : see declaration of 'localtime'
         tinystr.cpp
         tinyxml.cpp
         tinyxmlerror.cpp
         tinyxmlparser.cpp
         sqlite3.c
       Link:
         Generating code
         Finished generating code
         MatchingBackend.vcxproj -> D:\Documents\UCSD\BSMS\SP11\Masters Project\MatchingBackend\Release\MatchingBackend.exe
       _AfterBuild:
         Creating "Release\LastSuccessfulBuild.timestamp" because "AlwaysCreate" was specified.
     1>Done Building Project "D:\Documents\UCSD\BSMS\SP11\Masters Project\MatchingBackend\MatchingBackend\MatchingBackend.vcxproj" (rebuild target(s)).

Build succeeded.

Time Elapsed 00:01:07.42
